<?xml version="1.0" encoding="UTF-8"?>
<testsuite xmlns:xsi="http://www.w3.org/2001/XMLSchema-instance" xsi:noNamespaceSchemaLocation="https://maven.apache.org/surefire/maven-surefire-plugin/xsd/surefire-test-report-3.0.xsd" version="3.0" name="com.madhu.vmns.factory.ProjectFactoryTest" time="0.533" tests="4" errors="0" skipped="0" failures="0">
  <properties>
[...]
</properties>
  <testcase name="Prodetails" classname="com.madhu.vmns.factory.ProjectFactoryTest" time="0.473"/>
  <testcase name="insertProject" classname="com.madhu.vmns.factory.ProjectFactoryTest" time="0.023"/>
  <testcase name="showProject" classname="com.madhu.vmns.factory.ProjectFactoryTest" time="0.011"/>
  <testcase name="testDefaultConstructor" classname="com.madhu.vmns.factory.ProjectFactoryTest" time="0"/>
</testsuite>